0 info it worked if it ends with ok
1 verbose cli [ '/usr/local/Cellar/node/6.8.1/bin/node',
1 verbose cli   '/usr/local/bin/npm',
1 verbose cli   'publish' ]
2 info using npm@3.10.9
3 info using node@v6.8.1
4 verbose publish [ '.' ]
5 silly cache add args [ '.', null ]
6 verbose cache add spec .
7 silly cache add parsed spec Result {
7 silly cache add   raw: '.',
7 silly cache add   scope: null,
7 silly cache add   escapedName: null,
7 silly cache add   name: null,
7 silly cache add   rawSpec: '.',
7 silly cache add   spec: '/Users/CodeRGVboot/boot/leftpad2',
7 silly cache add   type: 'directory' }
8 verbose addLocalDirectory /Users/CodeRGVboot/.npm/leftpad2/1.0.0/package.tgz not in flight; packing
9 verbose correctMkdir /Users/CodeRGVboot/.npm correctMkdir not in flight; initializing
10 info lifecycle leftpad2@1.0.0~prepublish: leftpad2@1.0.0
11 silly lifecycle leftpad2@1.0.0~prepublish: no script for prepublish, continuing
12 verbose tar pack [ '/Users/CodeRGVboot/.npm/leftpad2/1.0.0/package.tgz',
12 verbose tar pack   '/Users/CodeRGVboot/boot/leftpad2' ]
13 verbose tarball /Users/CodeRGVboot/.npm/leftpad2/1.0.0/package.tgz
14 verbose folder /Users/CodeRGVboot/boot/leftpad2
15 verbose addLocalTarball adding from inside cache /Users/CodeRGVboot/.npm/leftpad2/1.0.0/package.tgz
16 verbose correctMkdir /Users/CodeRGVboot/.npm correctMkdir not in flight; initializing
17 silly cache afterAdd leftpad2@1.0.0
18 verbose afterAdd /Users/CodeRGVboot/.npm/leftpad2/1.0.0/package/package.json not in flight; writing
19 verbose correctMkdir /Users/CodeRGVboot/.npm correctMkdir not in flight; initializing
20 verbose afterAdd /Users/CodeRGVboot/.npm/leftpad2/1.0.0/package/package.json written
21 silly publish { name: 'leftpad2',
21 silly publish   version: '1.0.0',
21 silly publish   description: '',
21 silly publish   main: 'leftpad.js',
21 silly publish   scripts: { test: '' },
21 silly publish   repository:
21 silly publish    { type: 'git',
21 silly publish      url: 'https://github.com/adam-p/markdown-here/wiki/Markdown-Cheatsheet' },
21 silly publish   author: { name: 'Silvia Ramirez' },
21 silly publish   license: 'ISC',
21 silly publish   readme: 'ERROR: No README data found!',
21 silly publish   readmeFilename: 'README.md',
21 silly publish   _id: 'leftpad2@1.0.0',
21 silly publish   _shasum: 'fa017de80e41f3f8ecd7ad19e475bc9ebe3e9ff7',
21 silly publish   _from: '.' }
22 verbose getPublishConfig undefined
23 silly mapToRegistry name leftpad2
24 silly mapToRegistry using default registry
25 silly mapToRegistry registry https://registry.npmjs.org/
26 silly mapToRegistry data Result {
26 silly mapToRegistry   raw: 'leftpad2',
26 silly mapToRegistry   scope: null,
26 silly mapToRegistry   escapedName: 'leftpad2',
26 silly mapToRegistry   name: 'leftpad2',
26 silly mapToRegistry   rawSpec: '',
26 silly mapToRegistry   spec: 'latest',
26 silly mapToRegistry   type: 'tag' }
27 silly mapToRegistry uri https://registry.npmjs.org/leftpad2
28 verbose publish registryBase https://registry.npmjs.org/
29 silly publish uploading /Users/CodeRGVboot/.npm/leftpad2/1.0.0/package.tgz
30 verbose request uri https://registry.npmjs.org/leftpad2
31 verbose request sending authorization for write operation
32 info attempt registry request try #1 at 8:36:52 AM
33 verbose request using bearer token for auth
34 verbose request id fe9e4f939dcafaaa
35 http request PUT https://registry.npmjs.org/leftpad2
36 http 403 https://registry.npmjs.org/leftpad2
37 verbose headers { 'content-type': 'application/json',
37 verbose headers   'cache-control': 'max-age=300',
37 verbose headers   'content-length': '102',
37 verbose headers   'accept-ranges': 'bytes',
37 verbose headers   date: 'Fri, 04 Nov 2016 13:36:51 GMT',
37 verbose headers   via: '1.1 varnish',
37 verbose headers   connection: 'keep-alive',
37 verbose headers   'x-served-by': 'cache-dfw1837-DFW',
37 verbose headers   'x-cache': 'MISS',
37 verbose headers   'x-cache-hits': '0',
37 verbose headers   'x-timer': 'S1478266611.299665,VS0,VE370',
37 verbose headers   vary: 'Accept-Encoding' }
38 verbose request invalidating /Users/CodeRGVboot/.npm/registry.npmjs.org/leftpad2 on PUT
39 error publish Failed PUT 403
40 verbose stack Error: you do not have permission to publish "leftpad2". Are you logged in as the correct user? : leftpad2
40 verbose stack     at makeError (/usr/local/lib/node_modules/npm/node_modules/npm-registry-client/lib/request.js:302:12)
40 verbose stack     at CachingRegistryClient.<anonymous> (/usr/local/lib/node_modules/npm/node_modules/npm-registry-client/lib/request.js:290:14)
40 verbose stack     at Request._callback (/usr/local/lib/node_modules/npm/node_modules/npm-registry-client/lib/request.js:210:14)
40 verbose stack     at Request.self.callback (/usr/local/lib/node_modules/npm/node_modules/request/request.js:187:22)
40 verbose stack     at emitTwo (events.js:106:13)
40 verbose stack     at Request.emit (events.js:191:7)
40 verbose stack     at Request.<anonymous> (/usr/local/lib/node_modules/npm/node_modules/request/request.js:1048:10)
40 verbose stack     at emitOne (events.js:96:13)
40 verbose stack     at Request.emit (events.js:188:7)
40 verbose stack     at IncomingMessage.<anonymous> (/usr/local/lib/node_modules/npm/node_modules/request/request.js:969:12)
41 verbose statusCode 403
42 verbose pkgid leftpad2
43 verbose cwd /Users/CodeRGVboot/boot/leftpad2
44 error Darwin 15.6.0
45 error argv "/usr/local/Cellar/node/6.8.1/bin/node" "/usr/local/bin/npm" "publish"
46 error node v6.8.1
47 error npm  v3.10.9
48 error code E403
49 error you do not have permission to publish "leftpad2". Are you logged in as the correct user? : leftpad2
50 error If you need help, you may report this error at:
50 error     <https://github.com/npm/npm/issues>
51 verbose exit [ 1, true ]
